<?xml version="1.0" encoding="UTF-8"?>
<!-- Generated by org.testng.reporters.JUnitReportReporter -->
<testsuite hostname="DESKTOP-DRLGDC6" failures="0" tests="1" name="com.syarah.smoke.Login" time="1.351" errors="0" timestamp="04 Sep 2019 10:45:27 GMT" skipped="0">
  <testcase classname="com.syarah.smoke.Login" name="login" time="1.351"/>
</testsuite> <!-- com.syarah.smoke.Login -->
